<?xml version="1.0" encoding="UTF-8"?>
<!-- Generated by org.testng.reporters.JUnitReportReporter -->
<testsuite skipped="0" hostname="LAPTOP-5F10D1SQ" name="com.thirtybees.test.HomeTest" tests="5" failures="0" timestamp="2021-08-23T20:36:58 IST" time="27.824" errors="0">
  <testcase name="searchInValidProduct" time="6.584" classname="com.thirtybees.test.HomeTest"/>
  <system-out/>
  <testcase name="validateEmptyCartList" time="5.842" classname="com.thirtybees.test.HomeTest"/>
  <system-out/>
  <testcase name="verifyTitle" time="3.839" classname="com.thirtybees.test.HomeTest"/>
  <system-out/>
  <testcase name="searchByValidProductGetTitle" time="7.945" classname="com.thirtybees.test.HomeTest"/>
  <system-out/>
  <testcase name="verifyLogo" time="3.614" classname="com.thirtybees.test.HomeTest"/>
  <system-out/>
</testsuite> <!-- com.thirtybees.test.HomeTest -->
