<?xml version="1.0" encoding="UTF-8"?>
<!-- Generated by org.testng.reporters.JUnitReportReporter -->
<testsuite skipped="0" hostname="LAPTOP-5F10D1SQ" name="com.thirtybees.test.CoffeeAndTeaTest" tests="1" failures="0" timestamp="2021-08-24T15:18:44 IST" time="2.425" errors="0">
  <testcase name="priceSortDropDownList" time="2.425" classname="com.thirtybees.test.CoffeeAndTeaTest"/>
  <system-out/>
</testsuite> <!-- com.thirtybees.test.CoffeeAndTeaTest -->
