<?xml version="1.0" encoding="UTF-8"?>
<!-- Generated by org.testng.reporters.JUnitReportReporter -->
<testsuite skipped="0" hostname="LAPTOP-5F10D1SQ" name="com.thirtybees.test.CreateAccountTest" tests="1" failures="0" timestamp="2021-08-24T21:23:50 IST" time="9.432" errors="0">
  <testcase name="verifyRegistation" time="9.432" classname="com.thirtybees.test.CreateAccountTest"/>
  <system-out/>
</testsuite> <!-- com.thirtybees.test.CreateAccountTest -->
