<?xml version="1.0" encoding="UTF-8"?>
<!-- Generated by org.testng.reporters.JUnitReportReporter -->
<testsuite skipped="0" hostname="LAPTOP-5F10D1SQ" name="com.thirtybees.test.HomeTest" tests="5" failures="0" timestamp="2021-08-24T15:18:44 IST" time="41.485" errors="0">
  <testcase name="searchInValidProduct" time="9.087" classname="com.thirtybees.test.HomeTest"/>
  <system-out/>
  <testcase name="verifyTitle" time="6.695" classname="com.thirtybees.test.HomeTest"/>
  <system-out/>
  <testcase name="validateEmptyCartList" time="9.431" classname="com.thirtybees.test.HomeTest"/>
  <system-out/>
  <testcase name="searchByValidProductGetTitle" time="10.203" classname="com.thirtybees.test.HomeTest"/>
  <system-out/>
  <testcase name="verifyLogo" time="6.069" classname="com.thirtybees.test.HomeTest"/>
  <system-out/>
</testsuite> <!-- com.thirtybees.test.HomeTest -->
