<?xml version="1.0" encoding="UTF-8"?>
<!-- Generated by org.testng.reporters.JUnitReportReporter -->
<testsuite skipped="0" hostname="LAPTOP-5F10D1SQ" name="com.thirtybees.test.HomeTest" tests="5" failures="0" timestamp="2021-08-29T00:52:47 IST" time="26.820" errors="0">
  <testcase name="verifyTitle" time="4.306" classname="com.thirtybees.test.HomeTest"/>
  <system-out/>
  <testcase name="validateEmptyCartList" time="5.610" classname="com.thirtybees.test.HomeTest"/>
  <system-out/>
  <testcase name="verifyLogo" time="3.531" classname="com.thirtybees.test.HomeTest"/>
  <system-out/>
  <testcase name="searchByValidProductGetTitle" time="6.395" classname="com.thirtybees.test.HomeTest"/>
  <system-out/>
  <testcase name="searchInValidProduct" time="6.978" classname="com.thirtybees.test.HomeTest"/>
  <system-out/>
</testsuite> <!-- com.thirtybees.test.HomeTest -->
